<?xml version="1.0" encoding="UTF-8"?>
<!-- Generated by org.testng.reporters.JUnitXMLReporter -->
<testsuite ignored="0" hostname="DESKTOP-0MGR9KI" failures="1" tests="3" name="Default test" time="84.286" errors="0" timestamp="2022-06-24T14:15:58 ICT">
  <testcase classname="io.cucumber.testng.AbstractTestNGCucumberTests" name="runScenario" time="34.085"/>
  <testcase classname="io.cucumber.testng.AbstractTestNGCucumberTests" name="runScenario" time="27.159"/>
  <testcase classname="io.cucumber.testng.AbstractTestNGCucumberTests" name="runScenario" time="22.3">
    <failure type="java.lang.AssertionError" message="expected [] but found [List name]">
      <![CDATA[java.lang.AssertionError: expected [] but found [List name]
at org.testng.Assert.fail(Assert.java:110)
at org.testng.Assert.failNotEquals(Assert.java:1413)
at org.testng.Assert.assertEqualsImpl(Assert.java:149)
at org.testng.Assert.assertEquals(Assert.java:131)
at org.testng.Assert.assertEquals(Assert.java:655)
at org.testng.Assert.assertEquals(Assert.java:665)
at com.nexsoft.onelist.definitions.OnelistDefine.insertListName2(OnelistDefine.java:128)
at ✽.User memasukkan nama list2 ""(file:///D:/appium-workspace/AppiumBDD_Exam4/src/test/resources/Onelist.feature:31)
]]>
    </failure>
  </testcase> <!-- runScenario -->
</testsuite> <!-- Default test -->
