<?xml version="1.0" encoding="UTF-8"?>
<!-- Generated by org.testng.reporters.JUnitReportReporter -->
<testsuite hostname="DESKTOP-0MGR9KI" failures="1" tests="3" name="com.nexsoft.onelist.runner.OnelistRunner" time="83.544" errors="0" timestamp="2022-06-24T14:15:58 ICT" skipped="0">
  <testcase classname="com.nexsoft.onelist.runner.OnelistRunner" name="runScenario" time="34.085"/>
  <system-out/>
  <testcase classname="com.nexsoft.onelist.runner.OnelistRunner" name="runScenario" time="22.300">
    <failure message="expected [] but found [List name]" type="java.lang.AssertionError">
      <![CDATA[java.lang.AssertionError: expected [] but found [List name]
at org.testng.Assert.fail(Assert.java:110)
at org.testng.Assert.failNotEquals(Assert.java:1413)
at org.testng.Assert.assertEqualsImpl(Assert.java:149)
at org.testng.Assert.assertEquals(Assert.java:131)
at org.testng.Assert.assertEquals(Assert.java:655)
at org.testng.Assert.assertEquals(Assert.java:665)
at com.nexsoft.onelist.definitions.OnelistDefine.insertListName2(OnelistDefine.java:128)
at ✽.User memasukkan nama list2 ""(file:///D:/appium-workspace/AppiumBDD_Exam4/src/test/resources/Onelist.feature:31)
]]>
    </failure>
  </testcase> <!-- runScenario -->
  <system-out/>
  <testcase classname="com.nexsoft.onelist.runner.OnelistRunner" name="runScenario" time="27.159"/>
  <system-out/>
</testsuite> <!-- com.nexsoft.onelist.runner.OnelistRunner -->
